2017-12-21 22:26:59,031 [1] INFO JUST_PONotifier.MainClass - starting up at 12/21/2017 12:00:00 AM
2017-12-21 22:26:59,052 [1] INFO JUST_PONotifier.MainClass - Completion at 12/21/2017 12:00:00 AM
2017-12-21 22:27:20,517 [1] INFO JUST_PONotifier.MainClass - starting up at 12/21/2017 10:27:20 PM
2017-12-21 22:27:20,539 [1] INFO JUST_PONotifier.MainClass - Completion at 12/21/2017 10:27:20 PM
2017-12-21 22:30:52,222 [1] INFO JUST_PONotifier.MainClass - starting up at 12/21/2017 10:30:52 PM
2017-12-21 22:30:52,244 [1] INFO JUST_PONotifier.MainClass - Completion at 12/21/2017 10:30:52 PM
2017-12-22 21:53:23,519 [1] INFO JUST_PONotifier.MainClass - starting up at 12/22/2017 9:53:23 PM
2017-12-22 22:04:05,891 [1] INFO JUST_PONotifier.MainClass - starting up at 12/22/2017 10:04:05 PM
2017-12-22 22:04:05,914 [1] INFO JUST_PONotifier.MainClass - Completion at 12/22/2017 10:04:05 PM
2017-12-22 22:04:41,012 [1] INFO JUST_PONotifier.MainClass - starting up at 12/22/2017 10:04:40 PM
2017-12-22 22:05:21,469 [1] INFO JUST_PONotifier.MainClass - Completion at 12/22/2017 10:05:21 PM
2017-12-22 22:08:20,541 [1] INFO JUST_PONotifier.MainClass - starting up at 12/22/2017 10:08:20 PM
2017-12-31 09:54:22,500 [1] INFO JUST_PONotifier.MainClass - starting up at 12/31/2017 9:54:22 AM
2017-12-31 09:54:23,415 [1] INFO JUST_PONotifier.MainClass - Completion at 12/31/2017 9:54:23 AM
2017-12-31 09:54:41,843 [1] INFO JUST_PONotifier.MainClass - starting up at 12/31/2017 9:54:41 AM
2017-12-31 09:55:42,144 [1] INFO JUST_PONotifier.MainClass - starting up at 12/31/2017 9:55:42 AM
2017-12-31 10:15:29,771 [1] INFO JUST_PONotifier.MainClass - starting up at 12/31/2017 10:15:29 AM
2017-12-31 10:41:10,724 [1] INFO JUST_PONotifier.MainClass - starting up at 12/31/2017 10:41:10 AM
2017-12-31 10:42:07,431 [1] INFO JUST_PONotifier.MainClass - starting up at 12/31/2017 10:42:07 AM
2017-12-31 10:43:00,004 [1] INFO JUST_PONotifier.MainClass - starting up at 12/31/2017 10:42:59 AM
2017-12-31 10:43:53,207 [1] ERROR JUST_PONotifier.MainClass - Error: Message could not be sent.
2017-12-31 10:44:29,659 [1] INFO JUST_PONotifier.MainClass - starting up at 12/31/2017 10:44:29 AM
2017-12-31 19:54:01,235 [1] INFO JUST_PONotifier.MainClass - starting up at 12/31/2017 7:54:01 PM
2017-12-31 20:00:19,491 [1] ERROR JUST_PONotifier.MainClass - Message could not be sent.
2017-12-31 20:02:36,505 [1] INFO JUST_PONotifier.MainClass - starting up at 12/31/2017 8:02:36 PM
2017-12-31 20:05:21,940 [1] ERROR JUST_PONotifier.MainClass - Message could not be sent.
2017-12-31 20:05:24,943 [1] INFO JUST_PONotifier.MainClass - starting up at 12/31/2017 8:05:24 PM
2017-12-31 20:07:21,080 [1] INFO JUST_PONotifier.MainClass - starting up at 12/31/2017 8:07:21 PM
2017-12-31 20:08:02,703 [1] INFO JUST_PONotifier.MainClass - starting up at 12/31/2017 8:08:02 PM
2017-12-31 20:11:42,317 [1] ERROR JUST_PONotifier.MainClass - Message could not be sent.
2017-12-31 20:13:07,170 [1] INFO JUST_PONotifier.MainClass - starting up at 12/31/2017 8:13:07 PM
2017-12-31 20:15:51,114 [1] INFO JUST_PONotifier.MainClass - Completion at 12/31/2017 8:15:51 PM
2017-12-31 20:18:44,264 [1] INFO JUST_PONotifier.MainClass - starting up at 12/31/2017 8:18:44 PM
2017-12-31 20:26:06,587 [1] INFO JUST_PONotifier.MainClass - starting up at 12/31/2017 8:26:06 PM
2017-12-31 20:27:11,601 [1] INFO JUST_PONotifier.MainClass - starting up at 12/31/2017 8:27:11 PM
2017-12-31 20:30:04,217 [1] INFO JUST_PONotifier.MainClass - starting up at 12/31/2017 8:30:04 PM
2017-12-31 20:31:34,949 [1] INFO JUST_PONotifier.MainClass - starting up at 12/31/2017 8:31:34 PM
2017-12-31 20:33:44,028 [1] INFO JUST_PONotifier.MainClass - starting up at 12/31/2017 8:33:43 PM
2017-12-31 20:45:51,213 [1] INFO JUST_PONotifier.MainClass - starting up at 12/31/2017 8:45:51 PM
2017-12-31 20:46:47,492 [1] INFO JUST_PONotifier.MainClass - Completion at 12/31/2017 8:46:47 PM
